<?xml version="1.0" encoding="UTF-8"?>
<!-- Generated by org.testng.reporters.JUnitReportReporter -->
<testsuite hostname="MAHFUZ" failures="0" tests="1" name="com.osa.pages.TestRunner" time="31.697" errors="0" timestamp="16 Jul 2021 16:40:41 GMT">
  <testcase classname="com.osa.pages.TestRunner" name="feature" time="31.697"/>
</testsuite> <!-- com.osa.pages.TestRunner -->
